2021-11-24 23:22:22,491 [main] INFO  c.e.o.OtpGenerationApplication                     - Starting OtpGenerationApplication using Java 17 on Aarush-INT001 with PID 18408 (D:\Rapipay-INT001\springProjects\OtpGeneration\target\classes started by Aarush_Gandhi in D:\Rapipay-INT001\springProjects\OtpGeneration)
2021-11-24 23:22:22,502 [main] INFO  c.e.o.OtpGenerationApplication                     - No active profile set, falling back to default profiles: default
2021-11-24 23:22:23,312 [main] INFO  o.s.d.r.c.RepositoryConfigurationDelegate          - Bootstrapping Spring Data JPA repositories in DEFAULT mode.
2021-11-24 23:22:23,370 [main] INFO  o.s.d.r.c.RepositoryConfigurationDelegate          - Finished Spring Data repository scanning in 49 ms. Found 1 JPA repository interfaces.
2021-11-24 23:22:24,040 [main] INFO  o.s.b.w.e.t.TomcatWebServer                        - Tomcat initialized with port(s): 9090 (https)
2021-11-24 23:22:24,050 [main] INFO  o.a.c.h.Http11NioProtocol                          - Initializing ProtocolHandler ["https-jsse-nio-9090"]
2021-11-24 23:22:24,051 [main] INFO  o.a.c.c.StandardService                            - Starting service [Tomcat]
2021-11-24 23:22:24,051 [main] INFO  o.a.c.c.StandardEngine                             - Starting Servlet engine: [Apache Tomcat/9.0.54]
2021-11-24 23:22:24,177 [main] INFO  o.a.c.c.C.[.[.[/]                                  - Initializing Spring embedded WebApplicationContext
2021-11-24 23:22:24,177 [main] INFO  o.s.b.w.s.c.ServletWebServerApplicationContext     - Root WebApplicationContext: initialization completed in 1617 ms
2021-11-24 23:22:24,350 [main] INFO  o.h.j.i.u.LogHelper                                - HHH000204: Processing PersistenceUnitInfo [name: default]
2021-11-24 23:22:24,393 [main] INFO  o.h.Version                                        - HHH000412: Hibernate ORM core version 5.4.32.Final
2021-11-24 23:22:24,509 [main] INFO  o.h.a.c.Version                                    - HCANN000001: Hibernate Commons Annotations {5.1.2.Final}
2021-11-24 23:22:24,595 [main] INFO  c.z.h.HikariDataSource                             - HikariPool-1 - Starting...
2021-11-24 23:22:24,883 [main] INFO  c.z.h.HikariDataSource                             - HikariPool-1 - Start completed.
2021-11-24 23:22:24,898 [main] INFO  o.h.d.Dialect                                      - HHH000400: Using dialect: org.hibernate.dialect.PostgreSQL95Dialect
2021-11-24 23:22:25,650 [main] INFO  o.h.e.t.j.p.i.JtaPlatformInitiator                 - HHH000490: Using JtaPlatform implementation: [org.hibernate.engine.transaction.jta.platform.internal.NoJtaPlatform]
2021-11-24 23:22:25,661 [main] INFO  o.s.o.j.LocalContainerEntityManagerFactoryBean     - Initialized JPA EntityManagerFactory for persistence unit 'default'
2021-11-24 23:22:26,237 [main] WARN  o.s.b.a.o.j.JpaBaseConfiguration$JpaWebConfiguration - spring.jpa.open-in-view is enabled by default. Therefore, database queries may be performed during view rendering. Explicitly configure spring.jpa.open-in-view to disable this warning
2021-11-24 23:22:26,623 [main] INFO  o.a.c.h.Http11NioProtocol                          - Starting ProtocolHandler ["https-jsse-nio-9090"]
2021-11-24 23:22:27,021 [main] INFO  o.s.b.w.e.t.TomcatWebServer                        - Tomcat started on port(s): 9090 (https) with context path ''
2021-11-24 23:22:27,028 [main] INFO  s.d.s.w.p.DocumentationPluginsBootstrapper         - Context refreshed
2021-11-24 23:22:27,048 [main] INFO  s.d.s.w.p.DocumentationPluginsBootstrapper         - Found 1 custom documentation plugin(s)
2021-11-24 23:22:27,058 [main] INFO  s.d.s.w.s.ApiListingReferenceScanner               - Scanning for api listing references
2021-11-24 23:22:27,198 [main] INFO  c.e.o.OtpGenerationApplication                     - Started OtpGenerationApplication in 5.042 seconds (JVM running for 5.805)
2021-11-24 23:22:45,576 [https-jsse-nio-9090-exec-4] INFO  o.a.c.c.C.[.[.[/]                                  - Initializing Spring DispatcherServlet 'dispatcherServlet'
2021-11-24 23:22:45,577 [https-jsse-nio-9090-exec-4] INFO  o.s.w.s.DispatcherServlet                          - Initializing Servlet 'dispatcherServlet'
2021-11-24 23:22:45,578 [https-jsse-nio-9090-exec-4] INFO  o.s.w.s.DispatcherServlet                          - Completed initialization in 1 ms
2021-11-25 10:23:37,673 [main] INFO  c.e.o.OtpGenerationApplication                     - Starting OtpGenerationApplication using Java 17 on Aarush-INT001 with PID 21860 (D:\Rapipay-INT001\springProjects\OtpGeneration\target\classes started by Aarush_Gandhi in D:\Rapipay-INT001\springProjects\OtpGeneration)
2021-11-25 10:23:37,688 [main] INFO  c.e.o.OtpGenerationApplication                     - No active profile set, falling back to default profiles: default
2021-11-25 10:23:38,718 [main] INFO  o.s.d.r.c.RepositoryConfigurationDelegate          - Bootstrapping Spring Data JPA repositories in DEFAULT mode.
2021-11-25 10:23:38,796 [main] INFO  o.s.d.r.c.RepositoryConfigurationDelegate          - Finished Spring Data repository scanning in 65 ms. Found 1 JPA repository interfaces.
2021-11-25 10:23:39,514 [main] INFO  o.s.b.w.e.t.TomcatWebServer                        - Tomcat initialized with port(s): 9090 (https)
2021-11-25 10:23:39,526 [main] INFO  o.a.c.h.Http11NioProtocol                          - Initializing ProtocolHandler ["https-jsse-nio-9090"]
2021-11-25 10:23:39,527 [main] INFO  o.a.c.c.StandardService                            - Starting service [Tomcat]
2021-11-25 10:23:39,528 [main] INFO  o.a.c.c.StandardEngine                             - Starting Servlet engine: [Apache Tomcat/9.0.54]
2021-11-25 10:23:39,737 [main] INFO  o.a.c.c.C.[.[.[/]                                  - Initializing Spring embedded WebApplicationContext
2021-11-25 10:23:39,738 [main] INFO  o.s.b.w.s.c.ServletWebServerApplicationContext     - Root WebApplicationContext: initialization completed in 1970 ms
2021-11-25 10:23:39,960 [main] INFO  o.h.j.i.u.LogHelper                                - HHH000204: Processing PersistenceUnitInfo [name: default]
2021-11-25 10:23:40,041 [main] INFO  o.h.Version                                        - HHH000412: Hibernate ORM core version 5.4.32.Final
2021-11-25 10:23:40,232 [main] INFO  o.h.a.c.Version                                    - HCANN000001: Hibernate Commons Annotations {5.1.2.Final}
2021-11-25 10:23:40,360 [main] INFO  c.z.h.HikariDataSource                             - HikariPool-1 - Starting...
2021-11-25 10:23:40,773 [main] INFO  c.z.h.HikariDataSource                             - HikariPool-1 - Start completed.
2021-11-25 10:23:40,804 [main] INFO  o.h.d.Dialect                                      - HHH000400: Using dialect: org.hibernate.dialect.PostgreSQL95Dialect
2021-11-25 10:23:41,810 [main] INFO  o.h.e.t.j.p.i.JtaPlatformInitiator                 - HHH000490: Using JtaPlatform implementation: [org.hibernate.engine.transaction.jta.platform.internal.NoJtaPlatform]
2021-11-25 10:23:41,820 [main] INFO  o.s.o.j.LocalContainerEntityManagerFactoryBean     - Initialized JPA EntityManagerFactory for persistence unit 'default'
2021-11-25 10:23:42,430 [main] WARN  o.s.b.a.o.j.JpaBaseConfiguration$JpaWebConfiguration - spring.jpa.open-in-view is enabled by default. Therefore, database queries may be performed during view rendering. Explicitly configure spring.jpa.open-in-view to disable this warning
2021-11-25 10:23:42,875 [main] INFO  o.a.c.h.Http11NioProtocol                          - Starting ProtocolHandler ["https-jsse-nio-9090"]
2021-11-25 10:23:42,882 [main] WARN  o.s.b.w.s.c.AnnotationConfigServletWebServerApplicationContext - Exception encountered during context initialization - cancelling refresh attempt: org.springframework.context.ApplicationContextException: Failed to start bean 'webServerStartStop'; nested exception is org.springframework.boot.web.server.PortInUseException: Port 9090 is already in use
2021-11-25 10:23:42,886 [main] INFO  o.s.o.j.LocalContainerEntityManagerFactoryBean     - Closing JPA EntityManagerFactory for persistence unit 'default'
2021-11-25 10:23:42,888 [main] INFO  c.z.h.HikariDataSource                             - HikariPool-1 - Shutdown initiated...
2021-11-25 10:23:42,892 [main] INFO  c.z.h.HikariDataSource                             - HikariPool-1 - Shutdown completed.
2021-11-25 10:23:42,895 [main] INFO  o.a.c.h.Http11NioProtocol                          - Pausing ProtocolHandler ["https-jsse-nio-9090"]
2021-11-25 10:23:42,896 [main] INFO  o.a.c.c.StandardService                            - Stopping service [Tomcat]
2021-11-25 10:23:42,902 [main] INFO  o.a.c.h.Http11NioProtocol                          - Stopping ProtocolHandler ["https-jsse-nio-9090"]
2021-11-25 10:23:42,903 [main] INFO  o.a.c.h.Http11NioProtocol                          - Destroying ProtocolHandler ["https-jsse-nio-9090"]
2021-11-25 10:23:42,914 [main] INFO  o.s.b.a.l.ConditionEvaluationReportLoggingListener - 

Error starting ApplicationContext. To display the conditions report re-run your application with 'debug' enabled.
2021-11-25 10:23:42,932 [main] ERROR o.s.b.d.LoggingFailureAnalysisReporter             - 

***************************
APPLICATION FAILED TO START
***************************

Description:

Web server failed to start. Port 9090 was already in use.

Action:

Identify and stop the process that's listening on port 9090 or configure this application to listen on another port.

2021-11-25 10:23:49,138 [main] INFO  c.e.o.OtpGenerationApplication                     - Starting OtpGenerationApplication using Java 17 on Aarush-INT001 with PID 16132 (D:\Rapipay-INT001\springProjects\OtpGeneration\target\classes started by Aarush_Gandhi in D:\Rapipay-INT001\springProjects\OtpGeneration)
2021-11-25 10:23:49,152 [main] INFO  c.e.o.OtpGenerationApplication                     - No active profile set, falling back to default profiles: default
2021-11-25 10:23:50,026 [main] INFO  o.s.d.r.c.RepositoryConfigurationDelegate          - Bootstrapping Spring Data JPA repositories in DEFAULT mode.
2021-11-25 10:23:50,090 [main] INFO  o.s.d.r.c.RepositoryConfigurationDelegate          - Finished Spring Data repository scanning in 54 ms. Found 1 JPA repository interfaces.
2021-11-25 10:23:50,817 [main] INFO  o.s.b.w.e.t.TomcatWebServer                        - Tomcat initialized with port(s): 9090 (https)
2021-11-25 10:23:50,835 [main] INFO  o.a.c.h.Http11NioProtocol                          - Initializing ProtocolHandler ["https-jsse-nio-9090"]
2021-11-25 10:23:50,836 [main] INFO  o.a.c.c.StandardService                            - Starting service [Tomcat]
2021-11-25 10:23:50,836 [main] INFO  o.a.c.c.StandardEngine                             - Starting Servlet engine: [Apache Tomcat/9.0.54]
2021-11-25 10:23:51,047 [main] INFO  o.a.c.c.C.[.[.[/]                                  - Initializing Spring embedded WebApplicationContext
2021-11-25 10:23:51,048 [main] INFO  o.s.b.w.s.c.ServletWebServerApplicationContext     - Root WebApplicationContext: initialization completed in 1830 ms
2021-11-25 10:23:51,295 [main] INFO  o.h.j.i.u.LogHelper                                - HHH000204: Processing PersistenceUnitInfo [name: default]
2021-11-25 10:23:51,357 [main] INFO  o.h.Version                                        - HHH000412: Hibernate ORM core version 5.4.32.Final
2021-11-25 10:23:51,517 [main] INFO  o.h.a.c.Version                                    - HCANN000001: Hibernate Commons Annotations {5.1.2.Final}
2021-11-25 10:23:51,633 [main] INFO  c.z.h.HikariDataSource                             - HikariPool-1 - Starting...
2021-11-25 10:23:52,021 [main] INFO  c.z.h.HikariDataSource                             - HikariPool-1 - Start completed.
2021-11-25 10:23:52,042 [main] INFO  o.h.d.Dialect                                      - HHH000400: Using dialect: org.hibernate.dialect.PostgreSQL95Dialect
2021-11-25 10:23:53,162 [main] INFO  o.h.e.t.j.p.i.JtaPlatformInitiator                 - HHH000490: Using JtaPlatform implementation: [org.hibernate.engine.transaction.jta.platform.internal.NoJtaPlatform]
2021-11-25 10:23:53,172 [main] INFO  o.s.o.j.LocalContainerEntityManagerFactoryBean     - Initialized JPA EntityManagerFactory for persistence unit 'default'
2021-11-25 10:23:53,867 [main] WARN  o.s.b.a.o.j.JpaBaseConfiguration$JpaWebConfiguration - spring.jpa.open-in-view is enabled by default. Therefore, database queries may be performed during view rendering. Explicitly configure spring.jpa.open-in-view to disable this warning
2021-11-25 10:23:54,363 [main] INFO  o.a.c.h.Http11NioProtocol                          - Starting ProtocolHandler ["https-jsse-nio-9090"]
2021-11-25 10:23:54,371 [main] WARN  o.s.b.w.s.c.AnnotationConfigServletWebServerApplicationContext - Exception encountered during context initialization - cancelling refresh attempt: org.springframework.context.ApplicationContextException: Failed to start bean 'webServerStartStop'; nested exception is org.springframework.boot.web.server.PortInUseException: Port 9090 is already in use
2021-11-25 10:23:54,374 [main] INFO  o.s.o.j.LocalContainerEntityManagerFactoryBean     - Closing JPA EntityManagerFactory for persistence unit 'default'
2021-11-25 10:23:54,377 [main] INFO  c.z.h.HikariDataSource                             - HikariPool-1 - Shutdown initiated...
2021-11-25 10:23:54,383 [main] INFO  c.z.h.HikariDataSource                             - HikariPool-1 - Shutdown completed.
2021-11-25 10:23:54,389 [main] INFO  o.a.c.h.Http11NioProtocol                          - Pausing ProtocolHandler ["https-jsse-nio-9090"]
2021-11-25 10:23:54,389 [main] INFO  o.a.c.c.StandardService                            - Stopping service [Tomcat]
2021-11-25 10:23:54,406 [main] INFO  o.a.c.h.Http11NioProtocol                          - Stopping ProtocolHandler ["https-jsse-nio-9090"]
2021-11-25 10:23:54,407 [main] INFO  o.a.c.h.Http11NioProtocol                          - Destroying ProtocolHandler ["https-jsse-nio-9090"]
2021-11-25 10:23:54,417 [main] INFO  o.s.b.a.l.ConditionEvaluationReportLoggingListener - 

Error starting ApplicationContext. To display the conditions report re-run your application with 'debug' enabled.
2021-11-25 10:23:54,441 [main] ERROR o.s.b.d.LoggingFailureAnalysisReporter             - 

***************************
APPLICATION FAILED TO START
***************************

Description:

Web server failed to start. Port 9090 was already in use.

Action:

Identify and stop the process that's listening on port 9090 or configure this application to listen on another port.

2021-11-25 10:24:11,666 [main] INFO  c.e.o.OtpGenerationApplication                     - Starting OtpGenerationApplication using Java 17 on Aarush-INT001 with PID 19312 (D:\Rapipay-INT001\springProjects\OtpGeneration\target\classes started by Aarush_Gandhi in D:\Rapipay-INT001\springProjects\OtpGeneration)
2021-11-25 10:24:11,679 [main] INFO  c.e.o.OtpGenerationApplication                     - No active profile set, falling back to default profiles: default
2021-11-25 10:24:12,567 [main] INFO  o.s.d.r.c.RepositoryConfigurationDelegate          - Bootstrapping Spring Data JPA repositories in DEFAULT mode.
2021-11-25 10:24:12,641 [main] INFO  o.s.d.r.c.RepositoryConfigurationDelegate          - Finished Spring Data repository scanning in 57 ms. Found 1 JPA repository interfaces.
2021-11-25 10:24:13,412 [main] INFO  o.s.b.w.e.t.TomcatWebServer                        - Tomcat initialized with port(s): 9090 (https)
2021-11-25 10:24:13,423 [main] INFO  o.a.c.h.Http11NioProtocol                          - Initializing ProtocolHandler ["https-jsse-nio-9090"]
2021-11-25 10:24:13,423 [main] INFO  o.a.c.c.StandardService                            - Starting service [Tomcat]
2021-11-25 10:24:13,424 [main] INFO  o.a.c.c.StandardEngine                             - Starting Servlet engine: [Apache Tomcat/9.0.54]
2021-11-25 10:24:13,623 [main] INFO  o.a.c.c.C.[.[.[/]                                  - Initializing Spring embedded WebApplicationContext
2021-11-25 10:24:13,623 [main] INFO  o.s.b.w.s.c.ServletWebServerApplicationContext     - Root WebApplicationContext: initialization completed in 1879 ms
2021-11-25 10:24:13,799 [main] INFO  o.h.j.i.u.LogHelper                                - HHH000204: Processing PersistenceUnitInfo [name: default]
2021-11-25 10:24:13,862 [main] INFO  o.h.Version                                        - HHH000412: Hibernate ORM core version 5.4.32.Final
2021-11-25 10:24:13,997 [main] INFO  o.h.a.c.Version                                    - HCANN000001: Hibernate Commons Annotations {5.1.2.Final}
2021-11-25 10:24:14,093 [main] INFO  c.z.h.HikariDataSource                             - HikariPool-1 - Starting...
2021-11-25 10:24:14,397 [main] INFO  c.z.h.HikariDataSource                             - HikariPool-1 - Start completed.
2021-11-25 10:24:14,412 [main] INFO  o.h.d.Dialect                                      - HHH000400: Using dialect: org.hibernate.dialect.PostgreSQL95Dialect
2021-11-25 10:24:15,200 [main] INFO  o.h.e.t.j.p.i.JtaPlatformInitiator                 - HHH000490: Using JtaPlatform implementation: [org.hibernate.engine.transaction.jta.platform.internal.NoJtaPlatform]
2021-11-25 10:24:15,209 [main] INFO  o.s.o.j.LocalContainerEntityManagerFactoryBean     - Initialized JPA EntityManagerFactory for persistence unit 'default'
2021-11-25 10:24:15,698 [main] WARN  o.s.b.a.o.j.JpaBaseConfiguration$JpaWebConfiguration - spring.jpa.open-in-view is enabled by default. Therefore, database queries may be performed during view rendering. Explicitly configure spring.jpa.open-in-view to disable this warning
2021-11-25 10:24:16,146 [main] INFO  o.a.c.h.Http11NioProtocol                          - Starting ProtocolHandler ["https-jsse-nio-9090"]
2021-11-25 10:24:16,153 [main] WARN  o.s.b.w.s.c.AnnotationConfigServletWebServerApplicationContext - Exception encountered during context initialization - cancelling refresh attempt: org.springframework.context.ApplicationContextException: Failed to start bean 'webServerStartStop'; nested exception is org.springframework.boot.web.server.PortInUseException: Port 9090 is already in use
2021-11-25 10:24:16,158 [main] INFO  o.s.o.j.LocalContainerEntityManagerFactoryBean     - Closing JPA EntityManagerFactory for persistence unit 'default'
2021-11-25 10:24:16,160 [main] INFO  c.z.h.HikariDataSource                             - HikariPool-1 - Shutdown initiated...
2021-11-25 10:24:16,165 [main] INFO  c.z.h.HikariDataSource                             - HikariPool-1 - Shutdown completed.
2021-11-25 10:24:16,167 [main] INFO  o.a.c.h.Http11NioProtocol                          - Pausing ProtocolHandler ["https-jsse-nio-9090"]
2021-11-25 10:24:16,167 [main] INFO  o.a.c.c.StandardService                            - Stopping service [Tomcat]
2021-11-25 10:24:16,174 [main] INFO  o.a.c.h.Http11NioProtocol                          - Stopping ProtocolHandler ["https-jsse-nio-9090"]
2021-11-25 10:24:16,174 [main] INFO  o.a.c.h.Http11NioProtocol                          - Destroying ProtocolHandler ["https-jsse-nio-9090"]
2021-11-25 10:24:16,184 [main] INFO  o.s.b.a.l.ConditionEvaluationReportLoggingListener - 

Error starting ApplicationContext. To display the conditions report re-run your application with 'debug' enabled.
2021-11-25 10:24:16,207 [main] ERROR o.s.b.d.LoggingFailureAnalysisReporter             - 

***************************
APPLICATION FAILED TO START
***************************

Description:

Web server failed to start. Port 9090 was already in use.

Action:

Identify and stop the process that's listening on port 9090 or configure this application to listen on another port.

2021-11-25 10:24:55,542 [main] INFO  c.e.o.OtpGenerationApplication                     - Starting OtpGenerationApplication using Java 17 on Aarush-INT001 with PID 18184 (D:\Rapipay-INT001\springProjects\OtpGeneration\target\classes started by Aarush_Gandhi in D:\Rapipay-INT001\springProjects\OtpGeneration)
2021-11-25 10:24:55,555 [main] INFO  c.e.o.OtpGenerationApplication                     - No active profile set, falling back to default profiles: default
2021-11-25 10:24:56,417 [main] INFO  o.s.d.r.c.RepositoryConfigurationDelegate          - Bootstrapping Spring Data JPA repositories in DEFAULT mode.
2021-11-25 10:24:56,490 [main] INFO  o.s.d.r.c.RepositoryConfigurationDelegate          - Finished Spring Data repository scanning in 61 ms. Found 1 JPA repository interfaces.
2021-11-25 10:24:57,208 [main] INFO  o.s.b.w.e.t.TomcatWebServer                        - Tomcat initialized with port(s): 9090 (https)
2021-11-25 10:24:57,218 [main] INFO  o.a.c.h.Http11NioProtocol                          - Initializing ProtocolHandler ["https-jsse-nio-9090"]
2021-11-25 10:24:57,218 [main] INFO  o.a.c.c.StandardService                            - Starting service [Tomcat]
2021-11-25 10:24:57,219 [main] INFO  o.a.c.c.StandardEngine                             - Starting Servlet engine: [Apache Tomcat/9.0.54]
2021-11-25 10:24:57,389 [main] INFO  o.a.c.c.C.[.[.[/]                                  - Initializing Spring embedded WebApplicationContext
2021-11-25 10:24:57,389 [main] INFO  o.s.b.w.s.c.ServletWebServerApplicationContext     - Root WebApplicationContext: initialization completed in 1755 ms
2021-11-25 10:24:57,569 [main] INFO  o.h.j.i.u.LogHelper                                - HHH000204: Processing PersistenceUnitInfo [name: default]
2021-11-25 10:24:57,631 [main] INFO  o.h.Version                                        - HHH000412: Hibernate ORM core version 5.4.32.Final
2021-11-25 10:24:57,786 [main] INFO  o.h.a.c.Version                                    - HCANN000001: Hibernate Commons Annotations {5.1.2.Final}
2021-11-25 10:24:57,884 [main] INFO  c.z.h.HikariDataSource                             - HikariPool-1 - Starting...
2021-11-25 10:24:58,246 [main] INFO  c.z.h.HikariDataSource                             - HikariPool-1 - Start completed.
2021-11-25 10:24:58,266 [main] INFO  o.h.d.Dialect                                      - HHH000400: Using dialect: org.hibernate.dialect.PostgreSQL95Dialect
2021-11-25 10:24:59,057 [main] INFO  o.h.e.t.j.p.i.JtaPlatformInitiator                 - HHH000490: Using JtaPlatform implementation: [org.hibernate.engine.transaction.jta.platform.internal.NoJtaPlatform]
2021-11-25 10:24:59,064 [main] INFO  o.s.o.j.LocalContainerEntityManagerFactoryBean     - Initialized JPA EntityManagerFactory for persistence unit 'default'
2021-11-25 10:24:59,593 [main] WARN  o.s.b.a.o.j.JpaBaseConfiguration$JpaWebConfiguration - spring.jpa.open-in-view is enabled by default. Therefore, database queries may be performed during view rendering. Explicitly configure spring.jpa.open-in-view to disable this warning
2021-11-25 10:25:00,012 [main] INFO  o.a.c.h.Http11NioProtocol                          - Starting ProtocolHandler ["https-jsse-nio-9090"]
2021-11-25 10:25:00,313 [main] INFO  o.s.b.w.e.t.TomcatWebServer                        - Tomcat started on port(s): 9090 (https) with context path ''
2021-11-25 10:25:00,320 [main] INFO  s.d.s.w.p.DocumentationPluginsBootstrapper         - Context refreshed
2021-11-25 10:25:00,339 [main] INFO  s.d.s.w.p.DocumentationPluginsBootstrapper         - Found 1 custom documentation plugin(s)
2021-11-25 10:25:00,346 [main] INFO  s.d.s.w.s.ApiListingReferenceScanner               - Scanning for api listing references
2021-11-25 10:25:00,507 [main] INFO  c.e.o.OtpGenerationApplication                     - Started OtpGenerationApplication in 5.328 seconds (JVM running for 6.305)
2021-11-25 10:28:19,776 [main] INFO  c.e.o.OtpGenerationApplication                     - Starting OtpGenerationApplication using Java 17 on Aarush-INT001 with PID 21864 (D:\Rapipay-INT001\springProjects\OtpGeneration\target\classes started by Aarush_Gandhi in D:\Rapipay-INT001\springProjects\OtpGeneration)
2021-11-25 10:28:19,787 [main] INFO  c.e.o.OtpGenerationApplication                     - No active profile set, falling back to default profiles: default
2021-11-25 10:28:20,751 [main] INFO  o.s.d.r.c.RepositoryConfigurationDelegate          - Bootstrapping Spring Data JPA repositories in DEFAULT mode.
2021-11-25 10:28:20,822 [main] INFO  o.s.d.r.c.RepositoryConfigurationDelegate          - Finished Spring Data repository scanning in 60 ms. Found 1 JPA repository interfaces.
2021-11-25 10:28:21,507 [main] INFO  o.s.b.w.e.t.TomcatWebServer                        - Tomcat initialized with port(s): 9090 (https)
2021-11-25 10:28:21,520 [main] INFO  o.a.c.h.Http11NioProtocol                          - Initializing ProtocolHandler ["https-jsse-nio-9090"]
2021-11-25 10:28:21,521 [main] INFO  o.a.c.c.StandardService                            - Starting service [Tomcat]
2021-11-25 10:28:21,521 [main] INFO  o.a.c.c.StandardEngine                             - Starting Servlet engine: [Apache Tomcat/9.0.54]
2021-11-25 10:28:21,713 [main] INFO  o.a.c.c.C.[.[.[/]                                  - Initializing Spring embedded WebApplicationContext
2021-11-25 10:28:21,713 [main] INFO  o.s.b.w.s.c.ServletWebServerApplicationContext     - Root WebApplicationContext: initialization completed in 1860 ms
2021-11-25 10:28:21,895 [main] INFO  o.h.j.i.u.LogHelper                                - HHH000204: Processing PersistenceUnitInfo [name: default]
2021-11-25 10:28:21,946 [main] INFO  o.h.Version                                        - HHH000412: Hibernate ORM core version 5.4.32.Final
2021-11-25 10:28:22,089 [main] INFO  o.h.a.c.Version                                    - HCANN000001: Hibernate Commons Annotations {5.1.2.Final}
2021-11-25 10:28:22,183 [main] INFO  c.z.h.HikariDataSource                             - HikariPool-1 - Starting...
2021-11-25 10:28:22,491 [main] INFO  c.z.h.HikariDataSource                             - HikariPool-1 - Start completed.
2021-11-25 10:28:22,506 [main] INFO  o.h.d.Dialect                                      - HHH000400: Using dialect: org.hibernate.dialect.PostgreSQL95Dialect
2021-11-25 10:28:23,331 [main] INFO  o.h.e.t.j.p.i.JtaPlatformInitiator                 - HHH000490: Using JtaPlatform implementation: [org.hibernate.engine.transaction.jta.platform.internal.NoJtaPlatform]
2021-11-25 10:28:23,341 [main] INFO  o.s.o.j.LocalContainerEntityManagerFactoryBean     - Initialized JPA EntityManagerFactory for persistence unit 'default'
2021-11-25 10:28:23,989 [main] WARN  o.s.b.a.o.j.JpaBaseConfiguration$JpaWebConfiguration - spring.jpa.open-in-view is enabled by default. Therefore, database queries may be performed during view rendering. Explicitly configure spring.jpa.open-in-view to disable this warning
2021-11-25 10:28:24,412 [main] INFO  o.a.c.h.Http11NioProtocol                          - Starting ProtocolHandler ["https-jsse-nio-9090"]
2021-11-25 10:28:24,737 [main] INFO  o.s.b.w.e.t.TomcatWebServer                        - Tomcat started on port(s): 9090 (https) with context path ''
2021-11-25 10:28:24,745 [main] INFO  s.d.s.w.p.DocumentationPluginsBootstrapper         - Context refreshed
2021-11-25 10:28:24,762 [main] INFO  s.d.s.w.p.DocumentationPluginsBootstrapper         - Found 1 custom documentation plugin(s)
2021-11-25 10:28:24,772 [main] INFO  s.d.s.w.s.ApiListingReferenceScanner               - Scanning for api listing references
2021-11-25 10:28:24,964 [main] INFO  c.e.o.OtpGenerationApplication                     - Started OtpGenerationApplication in 5.556 seconds (JVM running for 6.576)
2021-11-25 11:43:23,059 [main] INFO  c.e.o.OtpGenerationApplication                     - Starting OtpGenerationApplication using Java 17 on Aarush-INT001 with PID 2824 (D:\Rapipay-INT001\springProjects\OtpGeneration\target\classes started by Aarush_Gandhi in D:\Rapipay-INT001\springProjects\OtpGeneration)
2021-11-25 11:43:23,069 [main] INFO  c.e.o.OtpGenerationApplication                     - No active profile set, falling back to default profiles: default
2021-11-25 11:43:23,784 [main] INFO  o.s.d.r.c.RepositoryConfigurationDelegate          - Bootstrapping Spring Data JPA repositories in DEFAULT mode.
2021-11-25 11:43:23,830 [main] INFO  o.s.d.r.c.RepositoryConfigurationDelegate          - Finished Spring Data repository scanning in 40 ms. Found 1 JPA repository interfaces.
2021-11-25 11:43:24,308 [main] INFO  o.s.b.w.e.t.TomcatWebServer                        - Tomcat initialized with port(s): 9090 (https)
2021-11-25 11:43:24,316 [main] INFO  o.a.c.h.Http11NioProtocol                          - Initializing ProtocolHandler ["https-jsse-nio-9090"]
2021-11-25 11:43:24,317 [main] INFO  o.a.c.c.StandardService                            - Starting service [Tomcat]
2021-11-25 11:43:24,317 [main] INFO  o.a.c.c.StandardEngine                             - Starting Servlet engine: [Apache Tomcat/9.0.54]
2021-11-25 11:43:24,414 [main] INFO  o.a.c.c.C.[.[.[/]                                  - Initializing Spring embedded WebApplicationContext
2021-11-25 11:43:24,415 [main] INFO  o.s.b.w.s.c.ServletWebServerApplicationContext     - Root WebApplicationContext: initialization completed in 1294 ms
2021-11-25 11:43:24,553 [main] INFO  o.h.j.i.u.LogHelper                                - HHH000204: Processing PersistenceUnitInfo [name: default]
2021-11-25 11:43:24,608 [main] INFO  o.h.Version                                        - HHH000412: Hibernate ORM core version 5.4.32.Final
2021-11-25 11:43:24,750 [main] INFO  o.h.a.c.Version                                    - HCANN000001: Hibernate Commons Annotations {5.1.2.Final}
2021-11-25 11:43:24,837 [main] INFO  c.z.h.HikariDataSource                             - HikariPool-1 - Starting...
2021-11-25 11:43:25,106 [main] INFO  c.z.h.HikariDataSource                             - HikariPool-1 - Start completed.
2021-11-25 11:43:25,121 [main] INFO  o.h.d.Dialect                                      - HHH000400: Using dialect: org.hibernate.dialect.PostgreSQL95Dialect
2021-11-25 11:43:25,788 [main] INFO  o.h.e.t.j.p.i.JtaPlatformInitiator                 - HHH000490: Using JtaPlatform implementation: [org.hibernate.engine.transaction.jta.platform.internal.NoJtaPlatform]
2021-11-25 11:43:25,798 [main] INFO  o.s.o.j.LocalContainerEntityManagerFactoryBean     - Initialized JPA EntityManagerFactory for persistence unit 'default'
2021-11-25 11:43:26,238 [main] WARN  o.s.b.a.o.j.JpaBaseConfiguration$JpaWebConfiguration - spring.jpa.open-in-view is enabled by default. Therefore, database queries may be performed during view rendering. Explicitly configure spring.jpa.open-in-view to disable this warning
2021-11-25 11:43:26,607 [main] INFO  o.a.c.h.Http11NioProtocol                          - Starting ProtocolHandler ["https-jsse-nio-9090"]
2021-11-25 11:43:26,616 [main] WARN  o.s.b.w.s.c.AnnotationConfigServletWebServerApplicationContext - Exception encountered during context initialization - cancelling refresh attempt: org.springframework.context.ApplicationContextException: Failed to start bean 'webServerStartStop'; nested exception is org.springframework.boot.web.server.PortInUseException: Port 9090 is already in use
2021-11-25 11:43:26,621 [main] INFO  o.s.o.j.LocalContainerEntityManagerFactoryBean     - Closing JPA EntityManagerFactory for persistence unit 'default'
2021-11-25 11:43:26,624 [main] INFO  c.z.h.HikariDataSource                             - HikariPool-1 - Shutdown initiated...
2021-11-25 11:43:26,629 [main] INFO  c.z.h.HikariDataSource                             - HikariPool-1 - Shutdown completed.
2021-11-25 11:43:26,633 [main] INFO  o.a.c.h.Http11NioProtocol                          - Pausing ProtocolHandler ["https-jsse-nio-9090"]
2021-11-25 11:43:26,635 [main] INFO  o.a.c.c.StandardService                            - Stopping service [Tomcat]
2021-11-25 11:43:26,643 [main] INFO  o.a.c.h.Http11NioProtocol                          - Stopping ProtocolHandler ["https-jsse-nio-9090"]
2021-11-25 11:43:26,644 [main] INFO  o.a.c.h.Http11NioProtocol                          - Destroying ProtocolHandler ["https-jsse-nio-9090"]
2021-11-25 11:43:26,656 [main] INFO  o.s.b.a.l.ConditionEvaluationReportLoggingListener - 

Error starting ApplicationContext. To display the conditions report re-run your application with 'debug' enabled.
2021-11-25 11:43:26,674 [main] ERROR o.s.b.d.LoggingFailureAnalysisReporter             - 

***************************
APPLICATION FAILED TO START
***************************

Description:

Web server failed to start. Port 9090 was already in use.

Action:

Identify and stop the process that's listening on port 9090 or configure this application to listen on another port.

2021-11-25 11:43:49,010 [main] INFO  c.e.o.OtpGenerationApplication                     - Starting OtpGenerationApplication using Java 17 on Aarush-INT001 with PID 6056 (D:\Rapipay-INT001\springProjects\OtpGeneration\target\classes started by Aarush_Gandhi in D:\Rapipay-INT001\springProjects\OtpGeneration)
2021-11-25 11:43:49,017 [main] INFO  c.e.o.OtpGenerationApplication                     - No active profile set, falling back to default profiles: default
2021-11-25 11:43:49,705 [main] INFO  o.s.d.r.c.RepositoryConfigurationDelegate          - Bootstrapping Spring Data JPA repositories in DEFAULT mode.
2021-11-25 11:43:49,752 [main] INFO  o.s.d.r.c.RepositoryConfigurationDelegate          - Finished Spring Data repository scanning in 40 ms. Found 1 JPA repository interfaces.
2021-11-25 11:43:50,232 [main] INFO  o.s.b.w.e.t.TomcatWebServer                        - Tomcat initialized with port(s): 9090 (https)
2021-11-25 11:43:50,244 [main] INFO  o.a.c.h.Http11NioProtocol                          - Initializing ProtocolHandler ["https-jsse-nio-9090"]
2021-11-25 11:43:50,245 [main] INFO  o.a.c.c.StandardService                            - Starting service [Tomcat]
2021-11-25 11:43:50,246 [main] INFO  o.a.c.c.StandardEngine                             - Starting Servlet engine: [Apache Tomcat/9.0.54]
2021-11-25 11:43:50,392 [main] INFO  o.a.c.c.C.[.[.[/]                                  - Initializing Spring embedded WebApplicationContext
2021-11-25 11:43:50,393 [main] INFO  o.s.b.w.s.c.ServletWebServerApplicationContext     - Root WebApplicationContext: initialization completed in 1322 ms
2021-11-25 11:43:50,517 [main] INFO  o.h.j.i.u.LogHelper                                - HHH000204: Processing PersistenceUnitInfo [name: default]
2021-11-25 11:43:50,562 [main] INFO  o.h.Version                                        - HHH000412: Hibernate ORM core version 5.4.32.Final
2021-11-25 11:43:50,703 [main] INFO  o.h.a.c.Version                                    - HCANN000001: Hibernate Commons Annotations {5.1.2.Final}
2021-11-25 11:43:50,803 [main] INFO  c.z.h.HikariDataSource                             - HikariPool-1 - Starting...
2021-11-25 11:43:51,075 [main] INFO  c.z.h.HikariDataSource                             - HikariPool-1 - Start completed.
2021-11-25 11:43:51,089 [main] INFO  o.h.d.Dialect                                      - HHH000400: Using dialect: org.hibernate.dialect.PostgreSQL95Dialect
2021-11-25 11:43:51,760 [main] INFO  o.h.e.t.j.p.i.JtaPlatformInitiator                 - HHH000490: Using JtaPlatform implementation: [org.hibernate.engine.transaction.jta.platform.internal.NoJtaPlatform]
2021-11-25 11:43:51,770 [main] INFO  o.s.o.j.LocalContainerEntityManagerFactoryBean     - Initialized JPA EntityManagerFactory for persistence unit 'default'
2021-11-25 11:43:52,202 [main] WARN  o.s.b.a.o.j.JpaBaseConfiguration$JpaWebConfiguration - spring.jpa.open-in-view is enabled by default. Therefore, database queries may be performed during view rendering. Explicitly configure spring.jpa.open-in-view to disable this warning
2021-11-25 11:43:52,540 [main] INFO  o.a.c.h.Http11NioProtocol                          - Starting ProtocolHandler ["https-jsse-nio-9090"]
2021-11-25 11:43:52,922 [main] INFO  o.s.b.w.e.t.TomcatWebServer                        - Tomcat started on port(s): 9090 (https) with context path ''
2021-11-25 11:43:52,929 [main] INFO  s.d.s.w.p.DocumentationPluginsBootstrapper         - Context refreshed
2021-11-25 11:43:52,942 [main] INFO  s.d.s.w.p.DocumentationPluginsBootstrapper         - Found 1 custom documentation plugin(s)
2021-11-25 11:43:52,948 [main] INFO  s.d.s.w.s.ApiListingReferenceScanner               - Scanning for api listing references
2021-11-25 11:43:53,090 [main] INFO  c.e.o.OtpGenerationApplication                     - Started OtpGenerationApplication in 4.393 seconds (JVM running for 5.441)
2021-11-25 11:44:27,183 [https-jsse-nio-9090-exec-3] INFO  o.a.c.c.C.[.[.[/]                                  - Initializing Spring DispatcherServlet 'dispatcherServlet'
2021-11-25 11:44:27,184 [https-jsse-nio-9090-exec-3] INFO  o.s.w.s.DispatcherServlet                          - Initializing Servlet 'dispatcherServlet'
2021-11-25 11:44:27,187 [https-jsse-nio-9090-exec-3] INFO  o.s.w.s.DispatcherServlet                          - Completed initialization in 3 ms
2021-11-25 11:47:42,283 [https-jsse-nio-9090-exec-3] INFO  c.e.o.c.MyController                               - for informational purpose
2021-11-25 11:47:42,283 [https-jsse-nio-9090-exec-25] INFO  c.e.o.c.MyController                               - for informational purpose
2021-11-25 11:47:42,283 [https-jsse-nio-9090-exec-27] INFO  c.e.o.c.MyController                               - for informational purpose
2021-11-25 11:47:42,283 [https-jsse-nio-9090-exec-7] INFO  c.e.o.c.MyController                               - for informational purpose
2021-11-25 11:47:42,283 [https-jsse-nio-9090-exec-9] INFO  c.e.o.c.MyController                               - for informational purpose
2021-11-25 11:47:42,283 [https-jsse-nio-9090-exec-13] INFO  c.e.o.c.MyController                               - for informational purpose
2021-11-25 11:47:42,284 [https-jsse-nio-9090-exec-14] INFO  c.e.o.c.MyController                               - for informational purpose
2021-11-25 11:47:42,283 [https-jsse-nio-9090-exec-17] INFO  c.e.o.c.MyController                               - for informational purpose
2021-11-25 11:47:42,284 [https-jsse-nio-9090-exec-2] INFO  c.e.o.c.MyController                               - for informational purpose
2021-11-25 11:47:42,283 [https-jsse-nio-9090-exec-16] INFO  c.e.o.c.MyController                               - for informational purpose
2021-11-25 11:47:42,283 [https-jsse-nio-9090-exec-11] INFO  c.e.o.c.MyController                               - for informational purpose
2021-11-25 11:47:42,285 [https-jsse-nio-9090-exec-24] INFO  c.e.o.c.MyController                               - for informational purpose
2021-11-25 11:47:42,283 [https-jsse-nio-9090-exec-26] INFO  c.e.o.c.MyController                               - for informational purpose
2021-11-25 11:47:42,286 [https-jsse-nio-9090-exec-20] INFO  c.e.o.c.MyController                               - for informational purpose
2021-11-25 11:47:42,283 [https-jsse-nio-9090-exec-21] INFO  c.e.o.c.MyController                               - for informational purpose
2021-11-25 11:47:42,286 [https-jsse-nio-9090-exec-22] INFO  c.e.o.c.MyController                               - for informational purpose
2021-11-25 11:47:42,286 [https-jsse-nio-9090-exec-12] INFO  c.e.o.c.MyController                               - for informational purpose
2021-11-25 11:47:42,286 [https-jsse-nio-9090-exec-15] INFO  c.e.o.c.MyController                               - for informational purpose
2021-11-25 11:47:42,286 [https-jsse-nio-9090-exec-5] INFO  c.e.o.c.MyController                               - for informational purpose
2021-11-25 11:47:42,286 [https-jsse-nio-9090-exec-6] INFO  c.e.o.c.MyController                               - for informational purpose
2021-11-25 11:47:42,286 [https-jsse-nio-9090-exec-10] INFO  c.e.o.c.MyController                               - for informational purpose
2021-11-25 11:47:42,286 [https-jsse-nio-9090-exec-8] INFO  c.e.o.c.MyController                               - for informational purpose
2021-11-25 11:47:42,286 [https-jsse-nio-9090-exec-18] INFO  c.e.o.c.MyController                               - for informational purpose
2021-11-25 11:47:42,286 [https-jsse-nio-9090-exec-1] INFO  c.e.o.c.MyController                               - for informational purpose
2021-11-25 11:47:42,286 [https-jsse-nio-9090-exec-19] INFO  c.e.o.c.MyController                               - for informational purpose
2021-11-25 12:04:07,309 [HikariPool-1 housekeeper] WARN  c.z.h.p.HikariPool                                 - HikariPool-1 - Thread starvation or clock leap detected (housekeeper delta=2m45s940ms517µs900ns).
2021-11-25 12:14:43,847 [HikariPool-1 housekeeper] WARN  c.z.h.p.HikariPool                                 - HikariPool-1 - Thread starvation or clock leap detected (housekeeper delta=7m6s508ms654µs400ns).
2021-11-25 13:02:19,331 [HikariPool-1 housekeeper] WARN  c.z.h.p.HikariPool                                 - HikariPool-1 - Thread starvation or clock leap detected (housekeeper delta=43m35s428ms676µs500ns).
2021-11-25 13:09:12,328 [RMI TCP Connection(45)-127.0.0.1] INFO  o.s.b.a.SpringApplicationAdminMXBeanRegistrar$SpringApplicationAdmin - Application shutdown requested.
2021-11-25 13:09:12,369 [RMI TCP Connection(45)-127.0.0.1] INFO  o.s.o.j.LocalContainerEntityManagerFactoryBean     - Closing JPA EntityManagerFactory for persistence unit 'default'
2021-11-25 13:09:12,371 [RMI TCP Connection(45)-127.0.0.1] INFO  c.z.h.HikariDataSource                             - HikariPool-1 - Shutdown initiated...
2021-11-25 13:09:12,375 [RMI TCP Connection(45)-127.0.0.1] INFO  c.z.h.HikariDataSource                             - HikariPool-1 - Shutdown completed.
2021-11-25 16:34:55,411 [main] INFO  o.s.b.t.c.SpringBootTestContextBootstrapper        - Neither @ContextConfiguration nor @ContextHierarchy found for test class [com.example.otp.OtpGeneration.OtpGenerationApplicationTests], using SpringBootContextLoader
2021-11-25 16:34:55,433 [main] INFO  o.s.t.c.s.AbstractContextLoader                    - Could not detect default resource locations for test class [com.example.otp.OtpGeneration.OtpGenerationApplicationTests]: no resource found for suffixes {-context.xml, Context.groovy}.
2021-11-25 16:34:55,435 [main] INFO  o.s.t.c.s.AnnotationConfigContextLoaderUtils       - Could not detect default configuration classes for test class [com.example.otp.OtpGeneration.OtpGenerationApplicationTests]: OtpGenerationApplicationTests does not declare any static, non-private, non-final, nested classes annotated with @Configuration.
2021-11-25 16:34:55,879 [main] INFO  o.s.b.t.c.SpringBootTestContextBootstrapper        - Found @SpringBootConfiguration com.example.otp.OtpGenerationApplication for test class com.example.otp.OtpGeneration.OtpGenerationApplicationTests
2021-11-25 16:34:56,098 [main] INFO  o.s.b.t.c.SpringBootTestContextBootstrapper        - Loaded default TestExecutionListener class names from location [META-INF/spring.factories]: [org.springframework.boot.test.mock.mockito.MockitoTestExecutionListener, org.springframework.boot.test.mock.mockito.ResetMocksTestExecutionListener, org.springframework.boot.test.autoconfigure.restdocs.RestDocsTestExecutionListener, org.springframework.boot.test.autoconfigure.web.client.MockRestServiceServerResetTestExecutionListener, org.springframework.boot.test.autoconfigure.web.servlet.MockMvcPrintOnlyOnFailureTestExecutionListener, org.springframework.boot.test.autoconfigure.web.servlet.WebDriverTestExecutionListener, org.springframework.boot.test.autoconfigure.webservices.client.MockWebServiceServerTestExecutionListener, org.springframework.test.context.web.ServletTestExecutionListener, org.springframework.test.context.support.DirtiesContextBeforeModesTestExecutionListener, org.springframework.test.context.event.ApplicationEventsTestExecutionListener, org.springframework.test.context.support.DependencyInjectionTestExecutionListener, org.springframework.test.context.support.DirtiesContextTestExecutionListener, org.springframework.test.context.transaction.TransactionalTestExecutionListener, org.springframework.test.context.jdbc.SqlScriptsTestExecutionListener, org.springframework.test.context.event.EventPublishingTestExecutionListener]
2021-11-25 16:34:56,136 [main] INFO  o.s.b.t.c.SpringBootTestContextBootstrapper        - Using TestExecutionListeners: [org.springframework.test.context.web.ServletTestExecutionListener@718989fa, org.springframework.test.context.support.DirtiesContextBeforeModesTestExecutionListener@69f080ad, org.springframework.test.context.event.ApplicationEventsTestExecutionListener@6568f998, org.springframework.boot.test.mock.mockito.MockitoTestExecutionListener@45d4421d, org.springframework.boot.test.autoconfigure.SpringBootDependencyInjectionTestExecutionListener@782fd504, org.springframework.test.context.support.DirtiesContextTestExecutionListener@1537c744, org.springframework.test.context.transaction.TransactionalTestExecutionListener@37314843, org.springframework.test.context.jdbc.SqlScriptsTestExecutionListener@50122012, org.springframework.test.context.event.EventPublishingTestExecutionListener@569348e1, org.springframework.boot.test.mock.mockito.ResetMocksTestExecutionListener@7db5b890, org.springframework.boot.test.autoconfigure.restdocs.RestDocsTestExecutionListener@407b8435, org.springframework.boot.test.autoconfigure.web.client.MockRestServiceServerResetTestExecutionListener@1282e98, org.springframework.boot.test.autoconfigure.web.servlet.MockMvcPrintOnlyOnFailureTestExecutionListener@4db0ba1c, org.springframework.boot.test.autoconfigure.web.servlet.WebDriverTestExecutionListener@1d91fa02, org.springframework.boot.test.autoconfigure.webservices.client.MockWebServiceServerTestExecutionListener@1578fa9]
2021-11-25 16:34:56,762 [main] INFO  c.e.o.O.OtpGenerationApplicationTests              - Starting OtpGenerationApplicationTests using Java 17 on Aarush-INT001 with PID 10396 (started by Aarush_Gandhi in D:\Rapipay-INT001\springProjects\OtpGeneration)
2021-11-25 16:34:56,769 [main] DEBUG c.e.o.O.OtpGenerationApplicationTests              - Running with Spring Boot v2.5.6, Spring v5.3.12
2021-11-25 16:34:56,771 [main] INFO  c.e.o.O.OtpGenerationApplicationTests              - No active profile set, falling back to default profiles: default
2021-11-25 16:34:58,452 [main] INFO  o.s.d.r.c.RepositoryConfigurationDelegate          - Bootstrapping Spring Data JPA repositories in DEFAULT mode.
2021-11-25 16:34:58,560 [main] INFO  o.s.d.r.c.RepositoryConfigurationDelegate          - Finished Spring Data repository scanning in 89 ms. Found 1 JPA repository interfaces.
2021-11-25 16:34:59,607 [main] INFO  o.h.j.i.u.LogHelper                                - HHH000204: Processing PersistenceUnitInfo [name: default]
2021-11-25 16:34:59,718 [main] INFO  o.h.Version                                        - HHH000412: Hibernate ORM core version 5.4.32.Final
2021-11-25 16:35:00,000 [main] INFO  o.h.a.c.Version                                    - HCANN000001: Hibernate Commons Annotations {5.1.2.Final}
2021-11-25 16:35:00,251 [main] INFO  c.z.h.HikariDataSource                             - HikariPool-1 - Starting...
2021-11-25 16:35:00,688 [main] INFO  c.z.h.HikariDataSource                             - HikariPool-1 - Start completed.
2021-11-25 16:35:00,729 [main] INFO  o.h.d.Dialect                                      - HHH000400: Using dialect: org.hibernate.dialect.PostgreSQL95Dialect
2021-11-25 16:35:02,385 [main] INFO  o.h.e.t.j.p.i.JtaPlatformInitiator                 - HHH000490: Using JtaPlatform implementation: [org.hibernate.engine.transaction.jta.platform.internal.NoJtaPlatform]
2021-11-25 16:35:02,405 [main] INFO  o.s.o.j.LocalContainerEntityManagerFactoryBean     - Initialized JPA EntityManagerFactory for persistence unit 'default'
2021-11-25 16:35:03,481 [main] WARN  o.s.b.a.o.j.JpaBaseConfiguration$JpaWebConfiguration - spring.jpa.open-in-view is enabled by default. Therefore, database queries may be performed during view rendering. Explicitly configure spring.jpa.open-in-view to disable this warning
2021-11-25 16:35:04,970 [main] INFO  s.d.s.w.p.DocumentationPluginsBootstrapper         - Context refreshed
2021-11-25 16:35:05,016 [main] INFO  s.d.s.w.p.DocumentationPluginsBootstrapper         - Found 1 custom documentation plugin(s)
2021-11-25 16:35:05,031 [main] INFO  s.d.s.w.s.ApiListingReferenceScanner               - Scanning for api listing references
2021-11-25 16:35:05,285 [main] INFO  c.e.o.O.OtpGenerationApplicationTests              - Started OtpGenerationApplicationTests in 9.064 seconds (JVM running for 12.921)
2021-11-25 16:35:06,353 [SpringApplicationShutdownHook] INFO  o.s.o.j.LocalContainerEntityManagerFactoryBean     - Closing JPA EntityManagerFactory for persistence unit 'default'
2021-11-25 16:35:06,356 [SpringApplicationShutdownHook] INFO  c.z.h.HikariDataSource                             - HikariPool-1 - Shutdown initiated...
2021-11-25 16:35:06,366 [SpringApplicationShutdownHook] INFO  c.z.h.HikariDataSource                             - HikariPool-1 - Shutdown completed.
2021-11-26 10:02:19,378 [main] INFO  o.s.b.t.c.SpringBootTestContextBootstrapper        - Neither @ContextConfiguration nor @ContextHierarchy found for test class [com.example.otp.OtpGeneration.OtpGenerationApplicationTests], using SpringBootContextLoader
2021-11-26 10:02:19,390 [main] INFO  o.s.t.c.s.AbstractContextLoader                    - Could not detect default resource locations for test class [com.example.otp.OtpGeneration.OtpGenerationApplicationTests]: no resource found for suffixes {-context.xml, Context.groovy}.
2021-11-26 10:02:19,391 [main] INFO  o.s.t.c.s.AnnotationConfigContextLoaderUtils       - Could not detect default configuration classes for test class [com.example.otp.OtpGeneration.OtpGenerationApplicationTests]: OtpGenerationApplicationTests does not declare any static, non-private, non-final, nested classes annotated with @Configuration.
2021-11-26 10:02:19,468 [main] INFO  o.s.b.t.c.SpringBootTestContextBootstrapper        - Found @SpringBootConfiguration com.example.otp.OtpGenerationApplication for test class com.example.otp.OtpGeneration.OtpGenerationApplicationTests
2021-11-26 10:02:19,548 [main] INFO  o.s.b.t.c.SpringBootTestContextBootstrapper        - Loaded default TestExecutionListener class names from location [META-INF/spring.factories]: [org.springframework.boot.test.mock.mockito.MockitoTestExecutionListener, org.springframework.boot.test.mock.mockito.ResetMocksTestExecutionListener, org.springframework.boot.test.autoconfigure.restdocs.RestDocsTestExecutionListener, org.springframework.boot.test.autoconfigure.web.client.MockRestServiceServerResetTestExecutionListener, org.springframework.boot.test.autoconfigure.web.servlet.MockMvcPrintOnlyOnFailureTestExecutionListener, org.springframework.boot.test.autoconfigure.web.servlet.WebDriverTestExecutionListener, org.springframework.boot.test.autoconfigure.webservices.client.MockWebServiceServerTestExecutionListener, org.springframework.test.context.web.ServletTestExecutionListener, org.springframework.test.context.support.DirtiesContextBeforeModesTestExecutionListener, org.springframework.test.context.event.ApplicationEventsTestExecutionListener, org.springframework.test.context.support.DependencyInjectionTestExecutionListener, org.springframework.test.context.support.DirtiesContextTestExecutionListener, org.springframework.test.context.transaction.TransactionalTestExecutionListener, org.springframework.test.context.jdbc.SqlScriptsTestExecutionListener, org.springframework.test.context.event.EventPublishingTestExecutionListener]
2021-11-26 10:02:19,562 [main] INFO  o.s.b.t.c.SpringBootTestContextBootstrapper        - Using TestExecutionListeners: [org.springframework.test.context.web.ServletTestExecutionListener@4564e94b, org.springframework.test.context.support.DirtiesContextBeforeModesTestExecutionListener@54534abf, org.springframework.test.context.event.ApplicationEventsTestExecutionListener@51745f40, org.springframework.boot.test.mock.mockito.MockitoTestExecutionListener@45673f68, org.springframework.boot.test.autoconfigure.SpringBootDependencyInjectionTestExecutionListener@27abb83e, org.springframework.test.context.support.DirtiesContextTestExecutionListener@69e308c6, org.springframework.test.context.transaction.TransactionalTestExecutionListener@1a1ed4e5, org.springframework.test.context.jdbc.SqlScriptsTestExecutionListener@667e34b1, org.springframework.test.context.event.EventPublishingTestExecutionListener@1c6e0a08, org.springframework.boot.test.mock.mockito.ResetMocksTestExecutionListener@6dba847b, org.springframework.boot.test.autoconfigure.restdocs.RestDocsTestExecutionListener@1efdcd5, org.springframework.boot.test.autoconfigure.web.client.MockRestServiceServerResetTestExecutionListener@1623bbe5, org.springframework.boot.test.autoconfigure.web.servlet.MockMvcPrintOnlyOnFailureTestExecutionListener@7af1cd63, org.springframework.boot.test.autoconfigure.web.servlet.WebDriverTestExecutionListener@4351171a, org.springframework.boot.test.autoconfigure.webservices.client.MockWebServiceServerTestExecutionListener@3c2772d1]
2021-11-26 10:02:19,900 [main] INFO  c.e.o.O.OtpGenerationApplicationTests              - Starting OtpGenerationApplicationTests using Java 17 on Aarush-INT001 with PID 14308 (started by Aarush_Gandhi in D:\Rapipay-INT001\springProjects\OtpGeneration)
2021-11-26 10:02:19,905 [main] DEBUG c.e.o.O.OtpGenerationApplicationTests              - Running with Spring Boot v2.5.6, Spring v5.3.12
2021-11-26 10:02:19,908 [main] INFO  c.e.o.O.OtpGenerationApplicationTests              - No active profile set, falling back to default profiles: default
2021-11-26 10:02:20,712 [main] INFO  o.s.d.r.c.RepositoryConfigurationDelegate          - Bootstrapping Spring Data JPA repositories in DEFAULT mode.
2021-11-26 10:02:20,772 [main] INFO  o.s.d.r.c.RepositoryConfigurationDelegate          - Finished Spring Data repository scanning in 47 ms. Found 1 JPA repository interfaces.
2021-11-26 10:02:21,359 [main] INFO  o.h.j.i.u.LogHelper                                - HHH000204: Processing PersistenceUnitInfo [name: default]
2021-11-26 10:02:21,421 [main] INFO  o.h.Version                                        - HHH000412: Hibernate ORM core version 5.4.32.Final
2021-11-26 10:02:21,586 [main] INFO  o.h.a.c.Version                                    - HCANN000001: Hibernate Commons Annotations {5.1.2.Final}
2021-11-26 10:02:21,742 [main] INFO  c.z.h.HikariDataSource                             - HikariPool-1 - Starting...
2021-11-26 10:02:22,064 [main] INFO  c.z.h.HikariDataSource                             - HikariPool-1 - Start completed.
2021-11-26 10:02:22,087 [main] INFO  o.h.d.Dialect                                      - HHH000400: Using dialect: org.hibernate.dialect.PostgreSQL95Dialect
2021-11-26 10:02:23,150 [main] INFO  o.h.e.t.j.p.i.JtaPlatformInitiator                 - HHH000490: Using JtaPlatform implementation: [org.hibernate.engine.transaction.jta.platform.internal.NoJtaPlatform]
2021-11-26 10:02:23,160 [main] INFO  o.s.o.j.LocalContainerEntityManagerFactoryBean     - Initialized JPA EntityManagerFactory for persistence unit 'default'
2021-11-26 10:02:23,817 [main] WARN  o.s.b.a.o.j.JpaBaseConfiguration$JpaWebConfiguration - spring.jpa.open-in-view is enabled by default. Therefore, database queries may be performed during view rendering. Explicitly configure spring.jpa.open-in-view to disable this warning
2021-11-26 10:02:24,644 [main] INFO  s.d.s.w.p.DocumentationPluginsBootstrapper         - Context refreshed
2021-11-26 10:02:24,668 [main] INFO  s.d.s.w.p.DocumentationPluginsBootstrapper         - Found 1 custom documentation plugin(s)
2021-11-26 10:02:24,678 [main] INFO  s.d.s.w.s.ApiListingReferenceScanner               - Scanning for api listing references
2021-11-26 10:02:24,883 [main] INFO  c.e.o.O.OtpGenerationApplicationTests              - Started OtpGenerationApplicationTests in 5.283 seconds (JVM running for 6.652)
2021-11-26 10:02:25,228 [SpringApplicationShutdownHook] INFO  o.s.o.j.LocalContainerEntityManagerFactoryBean     - Closing JPA EntityManagerFactory for persistence unit 'default'
2021-11-26 10:02:25,231 [SpringApplicationShutdownHook] INFO  c.z.h.HikariDataSource                             - HikariPool-1 - Shutdown initiated...
2021-11-26 10:02:25,235 [SpringApplicationShutdownHook] INFO  c.z.h.HikariDataSource                             - HikariPool-1 - Shutdown completed.
2021-11-26 10:05:45,216 [main] INFO  o.s.b.t.c.SpringBootTestContextBootstrapper        - Neither @ContextConfiguration nor @ContextHierarchy found for test class [com.example.otp.OtpGeneration.OtpGenerationApplicationTests], using SpringBootContextLoader
2021-11-26 10:05:45,225 [main] INFO  o.s.t.c.s.AbstractContextLoader                    - Could not detect default resource locations for test class [com.example.otp.OtpGeneration.OtpGenerationApplicationTests]: no resource found for suffixes {-context.xml, Context.groovy}.
2021-11-26 10:05:45,226 [main] INFO  o.s.t.c.s.AnnotationConfigContextLoaderUtils       - Could not detect default configuration classes for test class [com.example.otp.OtpGeneration.OtpGenerationApplicationTests]: OtpGenerationApplicationTests does not declare any static, non-private, non-final, nested classes annotated with @Configuration.
2021-11-26 10:05:45,315 [main] INFO  o.s.b.t.c.SpringBootTestContextBootstrapper        - Found @SpringBootConfiguration com.example.otp.OtpGenerationApplication for test class com.example.otp.OtpGeneration.OtpGenerationApplicationTests
2021-11-26 10:05:45,385 [main] INFO  o.s.b.t.c.SpringBootTestContextBootstrapper        - Loaded default TestExecutionListener class names from location [META-INF/spring.factories]: [org.springframework.boot.test.mock.mockito.MockitoTestExecutionListener, org.springframework.boot.test.mock.mockito.ResetMocksTestExecutionListener, org.springframework.boot.test.autoconfigure.restdocs.RestDocsTestExecutionListener, org.springframework.boot.test.autoconfigure.web.client.MockRestServiceServerResetTestExecutionListener, org.springframework.boot.test.autoconfigure.web.servlet.MockMvcPrintOnlyOnFailureTestExecutionListener, org.springframework.boot.test.autoconfigure.web.servlet.WebDriverTestExecutionListener, org.springframework.boot.test.autoconfigure.webservices.client.MockWebServiceServerTestExecutionListener, org.springframework.test.context.web.ServletTestExecutionListener, org.springframework.test.context.support.DirtiesContextBeforeModesTestExecutionListener, org.springframework.test.context.event.ApplicationEventsTestExecutionListener, org.springframework.test.context.support.DependencyInjectionTestExecutionListener, org.springframework.test.context.support.DirtiesContextTestExecutionListener, org.springframework.test.context.transaction.TransactionalTestExecutionListener, org.springframework.test.context.jdbc.SqlScriptsTestExecutionListener, org.springframework.test.context.event.EventPublishingTestExecutionListener]
2021-11-26 10:05:45,399 [main] INFO  o.s.b.t.c.SpringBootTestContextBootstrapper        - Using TestExecutionListeners: [org.springframework.test.context.web.ServletTestExecutionListener@4564e94b, org.springframework.test.context.support.DirtiesContextBeforeModesTestExecutionListener@54534abf, org.springframework.test.context.event.ApplicationEventsTestExecutionListener@51745f40, org.springframework.boot.test.mock.mockito.MockitoTestExecutionListener@45673f68, org.springframework.boot.test.autoconfigure.SpringBootDependencyInjectionTestExecutionListener@27abb83e, org.springframework.test.context.support.DirtiesContextTestExecutionListener@69e308c6, org.springframework.test.context.transaction.TransactionalTestExecutionListener@1a1ed4e5, org.springframework.test.context.jdbc.SqlScriptsTestExecutionListener@667e34b1, org.springframework.test.context.event.EventPublishingTestExecutionListener@1c6e0a08, org.springframework.boot.test.mock.mockito.ResetMocksTestExecutionListener@6dba847b, org.springframework.boot.test.autoconfigure.restdocs.RestDocsTestExecutionListener@1efdcd5, org.springframework.boot.test.autoconfigure.web.client.MockRestServiceServerResetTestExecutionListener@1623bbe5, org.springframework.boot.test.autoconfigure.web.servlet.MockMvcPrintOnlyOnFailureTestExecutionListener@7af1cd63, org.springframework.boot.test.autoconfigure.web.servlet.WebDriverTestExecutionListener@4351171a, org.springframework.boot.test.autoconfigure.webservices.client.MockWebServiceServerTestExecutionListener@3c2772d1]
2021-11-26 10:05:45,746 [main] INFO  c.e.o.O.OtpGenerationApplicationTests              - Starting OtpGenerationApplicationTests using Java 17 on Aarush-INT001 with PID 8252 (started by Aarush_Gandhi in D:\Rapipay-INT001\springProjects\OtpGeneration)
2021-11-26 10:05:45,750 [main] DEBUG c.e.o.O.OtpGenerationApplicationTests              - Running with Spring Boot v2.5.6, Spring v5.3.12
2021-11-26 10:05:45,752 [main] INFO  c.e.o.O.OtpGenerationApplicationTests              - No active profile set, falling back to default profiles: default
2021-11-26 10:05:46,606 [main] INFO  o.s.d.r.c.RepositoryConfigurationDelegate          - Bootstrapping Spring Data JPA repositories in DEFAULT mode.
2021-11-26 10:05:46,669 [main] INFO  o.s.d.r.c.RepositoryConfigurationDelegate          - Finished Spring Data repository scanning in 53 ms. Found 1 JPA repository interfaces.
2021-11-26 10:05:47,295 [main] INFO  o.h.j.i.u.LogHelper                                - HHH000204: Processing PersistenceUnitInfo [name: default]
2021-11-26 10:05:47,341 [main] INFO  o.h.Version                                        - HHH000412: Hibernate ORM core version 5.4.32.Final
2021-11-26 10:05:47,467 [main] INFO  o.h.a.c.Version                                    - HCANN000001: Hibernate Commons Annotations {5.1.2.Final}
2021-11-26 10:05:47,632 [main] INFO  c.z.h.HikariDataSource                             - HikariPool-1 - Starting...
2021-11-26 10:05:47,942 [main] INFO  c.z.h.HikariDataSource                             - HikariPool-1 - Start completed.
2021-11-26 10:05:47,971 [main] INFO  o.h.d.Dialect                                      - HHH000400: Using dialect: org.hibernate.dialect.PostgreSQL95Dialect
2021-11-26 10:05:48,841 [main] INFO  o.h.e.t.j.p.i.JtaPlatformInitiator                 - HHH000490: Using JtaPlatform implementation: [org.hibernate.engine.transaction.jta.platform.internal.NoJtaPlatform]
2021-11-26 10:05:48,850 [main] INFO  o.s.o.j.LocalContainerEntityManagerFactoryBean     - Initialized JPA EntityManagerFactory for persistence unit 'default'
2021-11-26 10:05:49,531 [main] WARN  o.s.b.a.o.j.JpaBaseConfiguration$JpaWebConfiguration - spring.jpa.open-in-view is enabled by default. Therefore, database queries may be performed during view rendering. Explicitly configure spring.jpa.open-in-view to disable this warning
2021-11-26 10:05:50,497 [main] INFO  s.d.s.w.p.DocumentationPluginsBootstrapper         - Context refreshed
2021-11-26 10:05:50,517 [main] INFO  s.d.s.w.p.DocumentationPluginsBootstrapper         - Found 1 custom documentation plugin(s)
2021-11-26 10:05:50,527 [main] INFO  s.d.s.w.s.ApiListingReferenceScanner               - Scanning for api listing references
2021-11-26 10:05:50,728 [main] INFO  c.e.o.O.OtpGenerationApplicationTests              - Started OtpGenerationApplicationTests in 5.284 seconds (JVM running for 6.687)
2021-11-26 10:05:51,076 [SpringApplicationShutdownHook] INFO  o.s.o.j.LocalContainerEntityManagerFactoryBean     - Closing JPA EntityManagerFactory for persistence unit 'default'
2021-11-26 10:05:51,079 [SpringApplicationShutdownHook] INFO  c.z.h.HikariDataSource                             - HikariPool-1 - Shutdown initiated...
2021-11-26 10:05:51,089 [SpringApplicationShutdownHook] INFO  c.z.h.HikariDataSource                             - HikariPool-1 - Shutdown completed.
2021-11-26 10:17:19,389 [main] INFO  o.s.b.t.c.SpringBootTestContextBootstrapper        - Neither @ContextConfiguration nor @ContextHierarchy found for test class [com.example.otp.OtpGeneration.OtpGenerationApplicationTests], using SpringBootContextLoader
2021-11-26 10:17:19,404 [main] INFO  o.s.t.c.s.AbstractContextLoader                    - Could not detect default resource locations for test class [com.example.otp.OtpGeneration.OtpGenerationApplicationTests]: no resource found for suffixes {-context.xml, Context.groovy}.
2021-11-26 10:17:19,405 [main] INFO  o.s.t.c.s.AnnotationConfigContextLoaderUtils       - Could not detect default configuration classes for test class [com.example.otp.OtpGeneration.OtpGenerationApplicationTests]: OtpGenerationApplicationTests does not declare any static, non-private, non-final, nested classes annotated with @Configuration.
2021-11-26 10:17:19,499 [main] INFO  o.s.b.t.c.SpringBootTestContextBootstrapper        - Found @SpringBootConfiguration com.example.otp.OtpGenerationApplication for test class com.example.otp.OtpGeneration.OtpGenerationApplicationTests
2021-11-26 10:17:19,577 [main] INFO  o.s.b.t.c.SpringBootTestContextBootstrapper        - Loaded default TestExecutionListener class names from location [META-INF/spring.factories]: [org.springframework.boot.test.mock.mockito.MockitoTestExecutionListener, org.springframework.boot.test.mock.mockito.ResetMocksTestExecutionListener, org.springframework.boot.test.autoconfigure.restdocs.RestDocsTestExecutionListener, org.springframework.boot.test.autoconfigure.web.client.MockRestServiceServerResetTestExecutionListener, org.springframework.boot.test.autoconfigure.web.servlet.MockMvcPrintOnlyOnFailureTestExecutionListener, org.springframework.boot.test.autoconfigure.web.servlet.WebDriverTestExecutionListener, org.springframework.boot.test.autoconfigure.webservices.client.MockWebServiceServerTestExecutionListener, org.springframework.test.context.web.ServletTestExecutionListener, org.springframework.test.context.support.DirtiesContextBeforeModesTestExecutionListener, org.springframework.test.context.event.ApplicationEventsTestExecutionListener, org.springframework.test.context.support.DependencyInjectionTestExecutionListener, org.springframework.test.context.support.DirtiesContextTestExecutionListener, org.springframework.test.context.transaction.TransactionalTestExecutionListener, org.springframework.test.context.jdbc.SqlScriptsTestExecutionListener, org.springframework.test.context.event.EventPublishingTestExecutionListener]
2021-11-26 10:17:19,591 [main] INFO  o.s.b.t.c.SpringBootTestContextBootstrapper        - Using TestExecutionListeners: [org.springframework.test.context.web.ServletTestExecutionListener@45673f68, org.springframework.test.context.support.DirtiesContextBeforeModesTestExecutionListener@27abb83e, org.springframework.test.context.event.ApplicationEventsTestExecutionListener@69e308c6, org.springframework.boot.test.mock.mockito.MockitoTestExecutionListener@1a1ed4e5, org.springframework.boot.test.autoconfigure.SpringBootDependencyInjectionTestExecutionListener@667e34b1, org.springframework.test.context.support.DirtiesContextTestExecutionListener@1c6e0a08, org.springframework.test.context.transaction.TransactionalTestExecutionListener@6dba847b, org.springframework.test.context.jdbc.SqlScriptsTestExecutionListener@1efdcd5, org.springframework.test.context.event.EventPublishingTestExecutionListener@1623bbe5, org.springframework.boot.test.mock.mockito.ResetMocksTestExecutionListener@7af1cd63, org.springframework.boot.test.autoconfigure.restdocs.RestDocsTestExecutionListener@4351171a, org.springframework.boot.test.autoconfigure.web.client.MockRestServiceServerResetTestExecutionListener@3c2772d1, org.springframework.boot.test.autoconfigure.web.servlet.MockMvcPrintOnlyOnFailureTestExecutionListener@37d00a23, org.springframework.boot.test.autoconfigure.web.servlet.WebDriverTestExecutionListener@433e536f, org.springframework.boot.test.autoconfigure.webservices.client.MockWebServiceServerTestExecutionListener@89c65d5]
2021-11-26 10:17:19,890 [main] INFO  c.e.o.O.OtpGenerationApplicationTests              - Starting OtpGenerationApplicationTests using Java 17 on Aarush-INT001 with PID 16360 (started by Aarush_Gandhi in D:\Rapipay-INT001\springProjects\OtpGeneration)
2021-11-26 10:17:19,894 [main] DEBUG c.e.o.O.OtpGenerationApplicationTests              - Running with Spring Boot v2.5.6, Spring v5.3.12
2021-11-26 10:17:19,896 [main] INFO  c.e.o.O.OtpGenerationApplicationTests              - No active profile set, falling back to default profiles: default
2021-11-26 10:17:20,775 [main] INFO  o.s.d.r.c.RepositoryConfigurationDelegate          - Bootstrapping Spring Data JPA repositories in DEFAULT mode.
2021-11-26 10:17:20,866 [main] INFO  o.s.d.r.c.RepositoryConfigurationDelegate          - Finished Spring Data repository scanning in 79 ms. Found 1 JPA repository interfaces.
2021-11-26 10:17:21,477 [main] INFO  o.h.j.i.u.LogHelper                                - HHH000204: Processing PersistenceUnitInfo [name: default]
2021-11-26 10:17:21,531 [main] INFO  o.h.Version                                        - HHH000412: Hibernate ORM core version 5.4.32.Final
2021-11-26 10:17:21,678 [main] INFO  o.h.a.c.Version                                    - HCANN000001: Hibernate Commons Annotations {5.1.2.Final}
2021-11-26 10:17:21,865 [main] INFO  c.z.h.HikariDataSource                             - HikariPool-1 - Starting...
2021-11-26 10:17:22,175 [main] INFO  c.z.h.HikariDataSource                             - HikariPool-1 - Start completed.
2021-11-26 10:17:22,199 [main] INFO  o.h.d.Dialect                                      - HHH000400: Using dialect: org.hibernate.dialect.PostgreSQL95Dialect
2021-11-26 10:17:23,222 [main] INFO  o.h.e.t.j.p.i.JtaPlatformInitiator                 - HHH000490: Using JtaPlatform implementation: [org.hibernate.engine.transaction.jta.platform.internal.NoJtaPlatform]
2021-11-26 10:17:23,229 [main] INFO  o.s.o.j.LocalContainerEntityManagerFactoryBean     - Initialized JPA EntityManagerFactory for persistence unit 'default'
2021-11-26 10:17:23,946 [main] WARN  o.s.b.a.o.j.JpaBaseConfiguration$JpaWebConfiguration - spring.jpa.open-in-view is enabled by default. Therefore, database queries may be performed during view rendering. Explicitly configure spring.jpa.open-in-view to disable this warning
2021-11-26 10:17:24,823 [main] INFO  s.d.s.w.p.DocumentationPluginsBootstrapper         - Context refreshed
2021-11-26 10:17:24,845 [main] INFO  s.d.s.w.p.DocumentationPluginsBootstrapper         - Found 1 custom documentation plugin(s)
2021-11-26 10:17:24,856 [main] INFO  s.d.s.w.s.ApiListingReferenceScanner               - Scanning for api listing references
2021-11-26 10:17:25,038 [main] INFO  c.e.o.O.OtpGenerationApplicationTests              - Started OtpGenerationApplicationTests in 5.408 seconds (JVM running for 6.819)
2021-11-26 10:17:25,352 [SpringApplicationShutdownHook] INFO  o.s.o.j.LocalContainerEntityManagerFactoryBean     - Closing JPA EntityManagerFactory for persistence unit 'default'
2021-11-26 10:17:25,356 [SpringApplicationShutdownHook] INFO  c.z.h.HikariDataSource                             - HikariPool-1 - Shutdown initiated...
2021-11-26 10:17:25,360 [SpringApplicationShutdownHook] INFO  c.z.h.HikariDataSource                             - HikariPool-1 - Shutdown completed.
2021-11-26 10:30:40,700 [main] INFO  o.s.b.t.c.SpringBootTestContextBootstrapper        - Neither @ContextConfiguration nor @ContextHierarchy found for test class [com.example.otp.OtpGeneration.OtpGenerationApplicationTests], using SpringBootContextLoader
2021-11-26 10:30:40,707 [main] INFO  o.s.t.c.s.AbstractContextLoader                    - Could not detect default resource locations for test class [com.example.otp.OtpGeneration.OtpGenerationApplicationTests]: no resource found for suffixes {-context.xml, Context.groovy}.
2021-11-26 10:30:40,708 [main] INFO  o.s.t.c.s.AnnotationConfigContextLoaderUtils       - Could not detect default configuration classes for test class [com.example.otp.OtpGeneration.OtpGenerationApplicationTests]: OtpGenerationApplicationTests does not declare any static, non-private, non-final, nested classes annotated with @Configuration.
2021-11-26 10:30:40,810 [main] INFO  o.s.b.t.c.SpringBootTestContextBootstrapper        - Found @SpringBootConfiguration com.example.otp.OtpGenerationApplication for test class com.example.otp.OtpGeneration.OtpGenerationApplicationTests
2021-11-26 10:30:40,897 [main] INFO  o.s.b.t.c.SpringBootTestContextBootstrapper        - Loaded default TestExecutionListener class names from location [META-INF/spring.factories]: [org.springframework.boot.test.mock.mockito.MockitoTestExecutionListener, org.springframework.boot.test.mock.mockito.ResetMocksTestExecutionListener, org.springframework.boot.test.autoconfigure.restdocs.RestDocsTestExecutionListener, org.springframework.boot.test.autoconfigure.web.client.MockRestServiceServerResetTestExecutionListener, org.springframework.boot.test.autoconfigure.web.servlet.MockMvcPrintOnlyOnFailureTestExecutionListener, org.springframework.boot.test.autoconfigure.web.servlet.WebDriverTestExecutionListener, org.springframework.boot.test.autoconfigure.webservices.client.MockWebServiceServerTestExecutionListener, org.springframework.test.context.web.ServletTestExecutionListener, org.springframework.test.context.support.DirtiesContextBeforeModesTestExecutionListener, org.springframework.test.context.event.ApplicationEventsTestExecutionListener, org.springframework.test.context.support.DependencyInjectionTestExecutionListener, org.springframework.test.context.support.DirtiesContextTestExecutionListener, org.springframework.test.context.transaction.TransactionalTestExecutionListener, org.springframework.test.context.jdbc.SqlScriptsTestExecutionListener, org.springframework.test.context.event.EventPublishingTestExecutionListener]
2021-11-26 10:30:40,911 [main] INFO  o.s.b.t.c.SpringBootTestContextBootstrapper        - Using TestExecutionListeners: [org.springframework.test.context.web.ServletTestExecutionListener@3887cf88, org.springframework.test.context.support.DirtiesContextBeforeModesTestExecutionListener@5649ec46, org.springframework.test.context.event.ApplicationEventsTestExecutionListener@78dc4696, org.springframework.boot.test.mock.mockito.MockitoTestExecutionListener@502f8b57, org.springframework.boot.test.autoconfigure.SpringBootDependencyInjectionTestExecutionListener@5652f555, org.springframework.test.context.support.DirtiesContextTestExecutionListener@4fe01805, org.springframework.test.context.transaction.TransactionalTestExecutionListener@55120f99, org.springframework.test.context.jdbc.SqlScriptsTestExecutionListener@794b435f, org.springframework.test.context.event.EventPublishingTestExecutionListener@38f2e97e, org.springframework.boot.test.mock.mockito.ResetMocksTestExecutionListener@779dfe55, org.springframework.boot.test.autoconfigure.restdocs.RestDocsTestExecutionListener@323659f8, org.springframework.boot.test.autoconfigure.web.client.MockRestServiceServerResetTestExecutionListener@1144a55a, org.springframework.boot.test.autoconfigure.web.servlet.MockMvcPrintOnlyOnFailureTestExecutionListener@3e521715, org.springframework.boot.test.autoconfigure.web.servlet.WebDriverTestExecutionListener@26a529dc, org.springframework.boot.test.autoconfigure.webservices.client.MockWebServiceServerTestExecutionListener@265c5d69]
2021-11-26 10:30:41,254 [main] INFO  c.e.o.O.OtpGenerationApplicationTests              - Starting OtpGenerationApplicationTests using Java 17 on Aarush-INT001 with PID 13712 (started by Aarush_Gandhi in D:\Rapipay-INT001\springProjects\OtpGeneration)
2021-11-26 10:30:41,259 [main] DEBUG c.e.o.O.OtpGenerationApplicationTests              - Running with Spring Boot v2.5.6, Spring v5.3.12
2021-11-26 10:30:41,261 [main] INFO  c.e.o.O.OtpGenerationApplicationTests              - No active profile set, falling back to default profiles: default
2021-11-26 10:30:42,131 [main] INFO  o.s.d.r.c.RepositoryConfigurationDelegate          - Bootstrapping Spring Data JPA repositories in DEFAULT mode.
2021-11-26 10:30:42,185 [main] INFO  o.s.d.r.c.RepositoryConfigurationDelegate          - Finished Spring Data repository scanning in 45 ms. Found 1 JPA repository interfaces.
2021-11-26 10:30:42,841 [main] INFO  o.h.j.i.u.LogHelper                                - HHH000204: Processing PersistenceUnitInfo [name: default]
2021-11-26 10:30:42,896 [main] INFO  o.h.Version                                        - HHH000412: Hibernate ORM core version 5.4.32.Final
2021-11-26 10:30:43,057 [main] INFO  o.h.a.c.Version                                    - HCANN000001: Hibernate Commons Annotations {5.1.2.Final}
2021-11-26 10:30:43,235 [main] INFO  c.z.h.HikariDataSource                             - HikariPool-1 - Starting...
2021-11-26 10:30:43,582 [main] INFO  c.z.h.HikariDataSource                             - HikariPool-1 - Start completed.
2021-11-26 10:30:43,609 [main] INFO  o.h.d.Dialect                                      - HHH000400: Using dialect: org.hibernate.dialect.PostgreSQL95Dialect
2021-11-26 10:30:44,547 [main] INFO  o.h.e.t.j.p.i.JtaPlatformInitiator                 - HHH000490: Using JtaPlatform implementation: [org.hibernate.engine.transaction.jta.platform.internal.NoJtaPlatform]
2021-11-26 10:30:44,555 [main] INFO  o.s.o.j.LocalContainerEntityManagerFactoryBean     - Initialized JPA EntityManagerFactory for persistence unit 'default'
2021-11-26 10:30:45,297 [main] WARN  o.s.b.a.o.j.JpaBaseConfiguration$JpaWebConfiguration - spring.jpa.open-in-view is enabled by default. Therefore, database queries may be performed during view rendering. Explicitly configure spring.jpa.open-in-view to disable this warning
2021-11-26 10:30:46,192 [main] INFO  s.d.s.w.p.DocumentationPluginsBootstrapper         - Context refreshed
2021-11-26 10:30:46,216 [main] INFO  s.d.s.w.p.DocumentationPluginsBootstrapper         - Found 1 custom documentation plugin(s)
2021-11-26 10:30:46,225 [main] INFO  s.d.s.w.s.ApiListingReferenceScanner               - Scanning for api listing references
2021-11-26 10:30:46,433 [main] INFO  c.e.o.O.OtpGenerationApplicationTests              - Started OtpGenerationApplicationTests in 5.483 seconds (JVM running for 6.838)
2021-11-26 10:30:46,763 [SpringApplicationShutdownHook] INFO  o.s.o.j.LocalContainerEntityManagerFactoryBean     - Closing JPA EntityManagerFactory for persistence unit 'default'
2021-11-26 10:30:46,765 [SpringApplicationShutdownHook] INFO  c.z.h.HikariDataSource                             - HikariPool-1 - Shutdown initiated...
2021-11-26 10:30:46,770 [SpringApplicationShutdownHook] INFO  c.z.h.HikariDataSource                             - HikariPool-1 - Shutdown completed.
